<?xml version="1.0" encoding="UTF-8"?>
<testng-results ignored="0" total="1" passed="1" failed="0" skipped="0">
  <reporter-output>
  </reporter-output>
  <suite started-at="2022-08-28T20:11:32 IST" name="Default suite" finished-at="2022-08-28T20:11:52 IST" duration-ms="20178">
    <groups>
    </groups>
    <test started-at="2022-08-28T20:11:32 IST" name="Default test" finished-at="2022-08-28T20:11:52 IST" duration-ms="20178">
      <class name="Default.alllocatorsatone">
        <test-method is-config="true" signature="setup()[pri:0, instance:Default.alllocatorsatone@4466af20]" started-at="2022-08-28T20:11:32 IST" name="setup" finished-at="2022-08-28T20:11:34 IST" duration-ms="1778" status="PASS">
          <reporter-output>
          </reporter-output>
        </test-method> <!-- setup -->
        <test-method signature="Login()[pri:0, instance:Default.alllocatorsatone@4466af20]" started-at="2022-08-28T20:11:34 IST" name="Login" finished-at="2022-08-28T20:11:52 IST" duration-ms="18368" status="PASS">
          <reporter-output>
          </reporter-output>
        </test-method> <!-- Login -->
      </class> <!-- Default.alllocatorsatone -->
    </test> <!-- Default test -->
  </suite> <!-- Default suite -->
</testng-results>
